#
# There is insufficient memory for the Java Runtime Environment to continue.
# Native memory allocation (malloc) failed to allocate 2339536 bytes for Chunk::new
# Possible reasons:
#   The system is out of physical RAM or swap space
#   In 32 bit mode, the process size limit was hit
# Possible solutions:
#   Reduce memory load on the system
#   Increase physical memory or swap space
#   Check if swap backing store is full
#   Use 64 bit Java on a 64 bit OS
#   Decrease Java heap size (-Xmx/-Xms)
#   Decrease number of Java threads
#   Decrease Java thread stack sizes (-Xss)
#   Set larger code cache with -XX:ReservedCodeCacheSize=
# This output file may be truncated or incomplete.
#
#  Out of Memory Error (allocation.cpp:390), pid=16240, tid=0x00000000000026a0
#
# JRE version: Java(TM) SE Runtime Environment (8.0_181-b13) (build 1.8.0_181-b13)
# Java VM: Java HotSpot(TM) 64-Bit Server VM (25.181-b13 mixed mode windows-amd64 compressed oops)
# Failed to write core dump. Minidumps are not enabled by default on client versions of Windows
#

---------------  T H R E A D  ---------------

Current thread (0x000000001c121800):  JavaThread "C2 CompilerThread0" daemon [_thread_in_native, id=9888, stack(0x000000001d770000,0x000000001d870000)]

Stack: [0x000000001d770000,0x000000001d870000]
[error occurred during error reporting (printing stack bounds), id 0xc0000005]

Native frames: (J=compiled Java code, j=interpreted, Vv=VM code, C=native code)


Current CompileTask:
C2:   3255 1540       4       java.net.URLClassLoader$1::run (5 bytes)


---------------  P R O C E S S  ---------------

Java Threads: ( => current thread )
  0x000000001dac4800 JavaThread "Service Thread" daemon [_thread_blocked, id=18172, stack(0x000000001de70000,0x000000001df70000)]
  0x000000001c128800 JavaThread "C1 CompilerThread2" daemon [_thread_blocked, id=20816, stack(0x000000001d970000,0x000000001da70000)]
  0x000000001c124800 JavaThread "C2 CompilerThread1" daemon [_thread_in_native, id=11712, stack(0x000000001d870000,0x000000001d970000)]
=>0x000000001c121800 JavaThread "C2 CompilerThread0" daemon [_thread_in_native, id=9888, stack(0x000000001d770000,0x000000001d870000)]
  0x000000001c120000 JavaThread "Attach Listener" daemon [_thread_blocked, id=15092, stack(0x000000001d670000,0x000000001d770000)]
  0x0000000002aea000 JavaThread "Signal Dispatcher" daemon [_thread_blocked, id=16696, stack(0x000000001d570000,0x000000001d670000)]
  0x000000001c10a800 JavaThread "Finalizer" daemon [_thread_blocked, id=13732, stack(0x000000001d370000,0x000000001d470000)]
  0x0000000002ae3000 JavaThread "Reference Handler" daemon [_thread_blocked, id=22324, stack(0x000000001d270000,0x000000001d370000)]
  0x00000000029ee800 JavaThread "main" [_thread_in_vm, id=10952, stack(0x00000000028e0000,0x00000000029e0000)]

Other Threads:
  0x000000001c0e7800 VMThread [stack: 0x000000001d170000,0x000000001d270000] [id=15372]
  0x000000001dac5000 WatcherThread [stack: 0x000000001df70000,0x000000001e070000] [id=22328]

VM state:not at safepoint (normal execution)

VM Mutex/Monitor currently owned by a thread: None

Heap:
 PSYoungGen      total 76288K, used 40073K [0x000000076b380000, 0x0000000770880000, 0x00000007c0000000)
  eden space 65536K, 46% used [0x000000076b380000,0x000000076d108f08,0x000000076f380000)
  from space 10752K, 91% used [0x000000076f380000,0x000000076fd196f8,0x000000076fe00000)
  to   space 10752K, 0% used [0x000000076fe00000,0x000000076fe00000,0x0000000770880000)
 ParOldGen       total 175104K, used 16K [0x00000006c1a00000, 0x00000006cc500000, 0x000000076b380000)
  object space 175104K, 0% used [0x00000006c1a00000,0x00000006c1a04000,0x00000006cc500000)
 Metaspace       used 15060K, capacity 15334K, committed 15616K, reserved 1062912K
  class space    used 1838K, capacity 1942K, committed 2048K, reserved 1048576K

Card table byte_map: [0x0000000011eb0000,0x00000000126b0000] byte_map_base: 0x000000000e8a3000

Marking Bits: (ParMarkBitMap*) 0x0000000069ae2d00
 Begin Bits: [0x0000000013000000, 0x0000000016f98000)
 End Bits:   [0x0000000016f98000, 0x000000001af30000)

Polling page: 0x0000000002880000

CodeCache: size=245760Kb used=5695Kb max_used=5695Kb free=240064Kb
 bounds [0x0000000002af0000, 0x0000000003090000, 0x0000000011af0000]
 total_blobs=2024 nmethods=1665 adapters=271
 compilation: enabled

Compilation events (10 events):
Event: 3.188 Thread 0x000000001c128800 1632       3       java.util.Collections$UnmodifiableMap$UnmodifiableEntrySet$UnmodifiableEntry::<init> (16 bytes)
Event: 3.188 Thread 0x000000001c128800 nmethod 1632 0x0000000003048550 code [0x00000000030486c0, 0x00000000030489e8]
Event: 3.188 Thread 0x000000001c128800 1633       3       java.util.Collections$UnmodifiableMap$UnmodifiableEntrySet$UnmodifiableEntry::getKey (10 bytes)
Event: 3.188 Thread 0x000000001c128800 nmethod 1633 0x0000000003048b50 code [0x0000000003048cc0, 0x0000000003048ee8]
Event: 3.188 Thread 0x000000001c128800 1629       3       java.util.Collections$UnmodifiableMap$UnmodifiableEntrySet$1::hasNext (10 bytes)
Event: 3.188 Thread 0x000000001c128800 nmethod 1629 0x0000000003048f90 code [0x0000000003049100, 0x0000000003049328]
Event: 3.188 Thread 0x000000001c128800 1630       3       java.util.Collections$UnmodifiableMap$UnmodifiableEntrySet$1::next (5 bytes)
Event: 3.188 Thread 0x000000001c128800 nmethod 1630 0x00000000030493d0 code [0x0000000003049580, 0x0000000003049b98]
Event: 3.190 Thread 0x000000001c128800 1634       3       java.lang.String::substring (56 bytes)
Event: 3.190 Thread 0x000000001c128800 nmethod 1634 0x0000000003049e90 code [0x000000000304a040, 0x000000000304a488]

GC Heap History (2 events):
Event: 1.861 GC heap before
{Heap before GC invocations=1 (full 0):
 PSYoungGen      total 76288K, used 65536K [0x000000076b380000, 0x0000000770880000, 0x00000007c0000000)
  eden space 65536K, 100% used [0x000000076b380000,0x000000076f380000,0x000000076f380000)
  from space 10752K, 0% used [0x000000076fe00000,0x000000076fe00000,0x0000000770880000)
  to   space 10752K, 0% used [0x000000076f380000,0x000000076f380000,0x000000076fe00000)
 ParOldGen       total 175104K, used 0K [0x00000006c1a00000, 0x00000006cc500000, 0x000000076b380000)
  object space 175104K, 0% used [0x00000006c1a00000,0x00000006c1a00000,0x00000006cc500000)
 Metaspace       used 11297K, capacity 11478K, committed 11776K, reserved 1058816K
  class space    used 1389K, capacity 1478K, committed 1536K, reserved 1048576K
Event: 1.875 GC heap after
Heap after GC invocations=1 (full 0):
 PSYoungGen      total 76288K, used 9829K [0x000000076b380000, 0x0000000770880000, 0x00000007c0000000)
  eden space 65536K, 0% used [0x000000076b380000,0x000000076b380000,0x000000076f380000)
  from space 10752K, 91% used [0x000000076f380000,0x000000076fd196f8,0x000000076fe00000)
  to   space 10752K, 0% used [0x000000076fe00000,0x000000076fe00000,0x0000000770880000)
 ParOldGen       total 175104K, used 16K [0x00000006c1a00000, 0x00000006cc500000, 0x000000076b380000)
  object space 175104K, 0% used [0x00000006c1a00000,0x00000006c1a04000,0x00000006cc500000)
 Metaspace       used 11297K, capacity 11478K, committed 11776K, reserved 1058816K
  class space    used 1389K, capacity 1478K, committed 1536K, reserved 1048576K
}

Deoptimization events (9 events):
Event: 0.663 Thread 0x00000000029ee800 Uncommon trap: reason=unstable_if action=reinterpret pc=0x0000000002c73898 method=java.lang.String.indexOf([CII[CIII)I @ 3
Event: 1.125 Thread 0x00000000029ee800 Uncommon trap: reason=unstable_if action=reinterpret pc=0x0000000002dbbadc method=org.codehaus.plexus.util.xml.pull.MXParser.nextImpl()I @ 241
Event: 1.230 Thread 0x00000000029ee800 Uncommon trap: reason=unstable_if action=reinterpret pc=0x0000000002d6205c method=java.util.HashMap.getNode(ILjava/lang/Object;)Ljava/util/HashMap$Node; @ 129
Event: 1.230 Thread 0x00000000029ee800 Uncommon trap: reason=unstable_if action=reinterpret pc=0x0000000002d5e504 method=java.util.HashMap.getNode(ILjava/lang/Object;)Ljava/util/HashMap$Node; @ 129
Event: 1.250 Thread 0x00000000029ee800 Uncommon trap: reason=range_check action=make_not_entrant pc=0x0000000002df3be8 method=sun.reflect.generics.parser.SignatureParser.current()C @ 34
Event: 2.276 Thread 0x00000000029ee800 Uncommon trap: reason=unstable_if action=reinterpret pc=0x0000000002f8c39c method=java.lang.ref.ReferenceQueue.poll()Ljava/lang/ref/Reference; @ 4
Event: 2.451 Thread 0x00000000029ee800 Uncommon trap: reason=unstable_if action=reinterpret pc=0x0000000002fe01d8 method=org.eclipse.sisu.inject.InjectorBindings.isAssignableFrom(Lcom/google/inject/TypeLiteral;Lcom/google/inject/Binding;)Z @ 14
Event: 2.836 Thread 0x00000000029ee800 Uncommon trap: reason=unstable_if action=reinterpret pc=0x0000000002c94d00 method=java.lang.String.replace(CC)Ljava/lang/String; @ 2
Event: 2.845 Thread 0x00000000029ee800 Uncommon trap: reason=unstable_if action=reinterpret pc=0x0000000002f1e8e0 method=java.lang.String.substring(I)Ljava/lang/String; @ 35

Classes redefined (0 events):
No events

Internal exceptions (10 events):
Event: 1.250 Thread 0x00000000029ee800 Exception <a 'java/lang/ArrayIndexOutOfBoundsException': 66> (0x000000076d5aedd0) thrown at [C:\re\workspace\8-2-build-windows-amd64-cygwin\jdk8u181\11358\hotspot\src\share\vm\interpreter\interpreterRuntime.cpp, line 366]
Event: 2.271 Thread 0x00000000029ee800 Exception <a 'java/lang/NoClassDefFoundError': com/google/inject/servlet/ServletModuleTargetVisitor> (0x000000076c0540a8) thrown at [C:\re\workspace\8-2-build-windows-amd64-cygwin\jdk8u181\11358\hotspot\src\share\vm\classfile\systemDictionary.cpp, line 19
Event: 2.271 Thread 0x00000000029ee800 Exception <a 'java/lang/NoClassDefFoundError'> (0x000000076c0540a8) thrown at [C:\re\workspace\8-2-build-windows-amd64-cygwin\jdk8u181\11358\hotspot\src\share\vm\prims\jvm.cpp, line 1439]
Event: 2.271 Thread 0x00000000029ee800 Exception <a 'java/lang/NoClassDefFoundError': javax/annotation/Priority> (0x000000076c059118) thrown at [C:\re\workspace\8-2-build-windows-amd64-cygwin\jdk8u181\11358\hotspot\src\share\vm\classfile\systemDictionary.cpp, line 199]
Event: 2.619 Thread 0x00000000029ee800 Exception <a 'java/lang/NullPointerException'> (0x000000076c8e82e8) thrown at [C:\re\workspace\8-2-build-windows-amd64-cygwin\jdk8u181\11358\hotspot\src\share\vm\interpreter\linkResolver.cpp, line 1185]
Event: 2.619 Thread 0x00000000029ee800 Exception <a 'java/lang/NullPointerException'> (0x000000076c8e8500) thrown at [C:\re\workspace\8-2-build-windows-amd64-cygwin\jdk8u181\11358\hotspot\src\share\vm\interpreter\linkResolver.cpp, line 1185]
Event: 2.619 Thread 0x00000000029ee800 Exception <a 'java/lang/NullPointerException'> (0x000000076c8e8718) thrown at [C:\re\workspace\8-2-build-windows-amd64-cygwin\jdk8u181\11358\hotspot\src\share\vm\interpreter\linkResolver.cpp, line 1185]
Event: 2.620 Thread 0x00000000029ee800 Exception <a 'java/lang/NullPointerException'> (0x000000076c8f0d18) thrown at [C:\re\workspace\8-2-build-windows-amd64-cygwin\jdk8u181\11358\hotspot\src\share\vm\interpreter\linkResolver.cpp, line 1185]
Event: 2.620 Thread 0x00000000029ee800 Exception <a 'java/lang/NullPointerException'> (0x000000076c8f0f30) thrown at [C:\re\workspace\8-2-build-windows-amd64-cygwin\jdk8u181\11358\hotspot\src\share\vm\interpreter\linkResolver.cpp, line 1185]
Event: 2.620 Thread 0x00000000029ee800 Exception <a 'java/lang/NullPointerException'> (0x000000076c8f1148) thrown at [C:\re\workspace\8-2-build-windows-amd64-cygwin\jdk8u181\11358\hotspot\src\share\vm\interpreter\linkResolver.cpp, line 1185]

Events (10 events):
Event: 3.189 loading class org/eclipse/aether/internal/impl/DefaultSyncContextFactory$DefaultSyncContext
Event: 3.189 loading class org/eclipse/aether/internal/impl/DefaultSyncContextFactory$DefaultSyncContext done
Event: 3.190 loading class org/eclipse/aether/RepositoryEvent$Builder
Event: 3.190 loading class org/eclipse/aether/RepositoryEvent$Builder done
Event: 3.191 loading class org/eclipse/aether/RepositoryEvent$EventType
Event: 3.191 loading class org/eclipse/aether/RepositoryEvent$EventType done
Event: 3.191 loading class org/eclipse/aether/internal/impl/DefaultRepositoryEventDispatcher$1
Event: 3.191 loading class org/eclipse/aether/internal/impl/DefaultRepositoryEventDispatcher$1 done
Event: 3.192 loading class org/eclipse/aether/repository/LocalArtifactRequest
Event: 3.192 loading class org/eclipse/aether/repository/LocalArtifactRequest done


Dynamic libraries:
0x00007ff703640000 - 0x00007ff703677000 	C:\Program Files\Java\jdk1.8.0_181\bin\java.exe
0x00007fff4bd10000 - 0x00007fff4bf05000 	C:\Windows\SYSTEM32\ntdll.dll
0x00007fff4adf0000 - 0x00007fff4aead000 	C:\Windows\System32\KERNEL32.DLL
0x00007fff49550000 - 0x00007fff49819000 	C:\Windows\System32\KERNELBASE.dll
0x00007fff4ad40000 - 0x00007fff4adec000 	C:\Windows\System32\ADVAPI32.dll
0x00007fff4a0f0000 - 0x00007fff4a18e000 	C:\Windows\System32\msvcrt.dll
0x00007fff4aa50000 - 0x00007fff4aaec000 	C:\Windows\System32\sechost.dll
0x00007fff4b690000 - 0x00007fff4b7bb000 	C:\Windows\System32\RPCRT4.dll
0x00007fff49ef0000 - 0x00007fff4a090000 	C:\Windows\System32\USER32.dll
0x00007fff49520000 - 0x00007fff49542000 	C:\Windows\System32\win32u.dll
0x00007fff4aa20000 - 0x00007fff4aa4a000 	C:\Windows\System32\GDI32.dll
0x00007fff49bb0000 - 0x00007fff49cbb000 	C:\Windows\System32\gdi32full.dll
0x00007fff49b10000 - 0x00007fff49bad000 	C:\Windows\System32\msvcp_win.dll
0x00007fff49820000 - 0x00007fff49920000 	C:\Windows\System32\ucrtbase.dll
0x00007fff30f20000 - 0x00007fff311ba000 	C:\Windows\WinSxS\amd64_microsoft.windows.common-controls_6595b64144ccf1df_6.0.19041.844_none_ca00b6081b84eb1d\COMCTL32.dll
0x00007fff49ec0000 - 0x00007fff49ef0000 	C:\Windows\System32\IMM32.DLL
0x00000000691e0000 - 0x00000000692b2000 	C:\Program Files\Java\jdk1.8.0_181\jre\bin\msvcr100.dll
0x00000000692c0000 - 0x0000000069b62000 	C:\Program Files\Java\jdk1.8.0_181\jre\bin\server\jvm.dll
0x00007fff4bc40000 - 0x00007fff4bc48000 	C:\Windows\System32\PSAPI.DLL
0x00007fff2e700000 - 0x00007fff2e709000 	C:\Windows\SYSTEM32\WSOCK32.dll
0x00007fff4a380000 - 0x00007fff4a3eb000 	C:\Windows\System32\WS2_32.dll
0x00007fff37c40000 - 0x00007fff37c67000 	C:\Windows\SYSTEM32\WINMM.dll
0x00007fff3c540000 - 0x00007fff3c54a000 	C:\Windows\SYSTEM32\VERSION.dll
0x0000000069190000 - 0x000000006919f000 	C:\Program Files\Java\jdk1.8.0_181\jre\bin\verify.dll
0x0000000069160000 - 0x0000000069189000 	C:\Program Files\Java\jdk1.8.0_181\jre\bin\java.dll
0x0000000069140000 - 0x0000000069156000 	C:\Program Files\Java\jdk1.8.0_181\jre\bin\zip.dll
0x00007fff4af40000 - 0x00007fff4b682000 	C:\Windows\System32\SHELL32.dll
0x00007fff47590000 - 0x00007fff47d20000 	C:\Windows\SYSTEM32\windows.storage.dll
0x00007fff4a3f0000 - 0x00007fff4a745000 	C:\Windows\System32\combase.dll
0x00007fff48df0000 - 0x00007fff48e1c000 	C:\Windows\SYSTEM32\Wldp.dll
0x00007fff4a1f0000 - 0x00007fff4a29e000 	C:\Windows\System32\SHCORE.dll
0x00007fff4a090000 - 0x00007fff4a0e5000 	C:\Windows\System32\shlwapi.dll
0x00007fff49390000 - 0x00007fff493af000 	C:\Windows\SYSTEM32\profapi.dll
0x00007fff42b80000 - 0x00007fff42b8a000 	C:\Program Files\NetBeans-12.2\netbeans\java\maven\lib\jansi-native\windows64\jansi.dll
0x0000000069120000 - 0x000000006913a000 	C:\Program Files\Java\jdk1.8.0_181\jre\bin\net.dll
0x00007fff48b70000 - 0x00007fff48bda000 	C:\Windows\system32\mswsock.dll
0x0000000069100000 - 0x0000000069111000 	C:\Program Files\Java\jdk1.8.0_181\jre\bin\nio.dll

VM Arguments:
jvm_args: -Dclassworlds.conf=C:\Program Files\NetBeans-12.2\netbeans\java\maven\bin\..\bin\m2.conf -Dmaven.home=C:\Program Files\NetBeans-12.2\netbeans\java\maven\bin\.. -Dlibrary.jansi.path=C:\Program Files\NetBeans-12.2\netbeans\java\maven\bin\..\lib\jansi-native -Dmaven.multiModuleProjectDirectory=C:\Users\masag\Documents\NetBeansProjects\Hotel_Reservation 
java_command: org.codehaus.plexus.classworlds.launcher.Launcher -Dexec.args=-classpath %classpath com.mycompany.hotel_reservation.Login -Dexec.executable=C:\Program Files\Java\jdk1.8.0_181\bin\java.exe -Dexec.classpathScope=runtime -Dmaven.ext.class.path=C:\Program Files\NetBeans-12.2\netbeans\java\maven-nblib\netbeans-eventspy.jar -Dfile.encoding=UTF-8 org.codehaus.mojo:exec-maven-plugin:3.0.0:exec
java_class_path (initial): C:\Program Files\NetBeans-12.2\netbeans\java\maven\bin\..\boot\plexus-classworlds-2.6.0.jar
Launcher Type: SUN_STANDARD

Environment Variables:
JAVA_HOME=C:\Program Files\Java\jdk1.8.0_181
PATH=C:\oraclexe\app\oracle\product\11.2.0\server\bin;;C:\Program Files (x86)\Common Files\Oracle\Java\javapath;C:\Program Files\Java\jdk1.8.0_181\bin;C:\Program Files\dotnet\;C:\Program Files\Git\cmd;C:\Windows\system32;C:\Windows;C:\Windows\System32\Wbem;C:\Windows\System32\WindowsPowerShell\v1.0\;C:\Windows\System32\OpenSSH\;C:\Program Files\nodejs\;C:\Program Files\Microsoft SQL Server\Client SDK\ODBC\170\Tools\Binn\;C:\Program Files (x86)\Microsoft SQL Server\150\Tools\Binn\;C:\Program Files\Microsoft SQL Server\150\Tools\Binn\;C:\Program Files\Microsoft SQL Server\150\DTS\Binn\;C:\Program Files (x86)\Microsoft SQL Server\150\DTS\Binn\;C:\Program Files\apache-maven-3.6.3\bin;C:\Program Files\spring-2.3.8.RELEASE\bin;C:\Program Files (x86)\dotnet\;C:\Program Files (x86)\Common Files\Oracle\Java\javapath;C:\Program Files\Java\jdk1.8.0_181\bin;C:\Program Files\dotnet\;C:\Program Files\Git\cmd;C:\WINDOWS\system32;C:\WINDOWS;C:\WINDOWS\System32\Wbem;C:\WINDOWS\System32\WindowsPowerShell\v1.0\;C:\WINDOWS\System32\OpenSSH\;C:\Program Files\nodejs\;C:\Users\masag\AppData\Local\Programs\Microsoft VS Code\bin;C:\Users\masag\AppData\Local\Microsoft\WindowsApps;C:\Program Files\nodejs;C:\Users\masag\AppData\Roaming\npm;C:\Program Files\Azure Data Studio\bin;C:\Users\masag\.dotnet\tools
USERNAME=ian
OS=Windows_NT
PROCESSOR_IDENTIFIER=Intel64 Family 6 Model 142 Stepping 9, GenuineIntel



---------------  S Y S T E M  ---------------

OS: Windows 10.0 , 64 bit Build 19041 (10.0.19041.804)

CPU:total 4 (initial active 4) (2 cores per cpu, 2 threads per core) family 6 model 142 stepping 9, cmov, cx8, fxsr, mmx, sse, sse2, sse3, ssse3, sse4.1, sse4.2, popcnt, avx, avx2, aes, clmul, erms, 3dnowpref, lzcnt, ht, tsc, tscinvbit, bmi1, bmi2, adx

Memory: 4k page, physical 16665576k(6710384k free), swap 19737576k(5580k free)

vm_info: Java HotSpot(TM) 64-Bit Server VM (25.181-b13) for windows-amd64 JRE (1.8.0_181-b13), built on Jul  7 2018 04:01:33 by "java_re" with MS VC++ 10.0 (VS2010)

time: Tue Apr 06 16:43:33 2021
elapsed time: 3 seconds (0d 0h 0m 3s)

